Warnings in file C:\Users\Admin\Documents\alchitry\MemoryGameFinal\source\au_top.luc:
    Line 11, Column 4 : "io_dip" was never used
    Line 10, Column 4 : "io_button" was never used
Warnings in file C:\Users\Admin\Documents\alchitry\MemoryGameFinal\source\check_sequence.luc:
    Line 16, Column 2 : "cmp2" was never used
    Line 15, Column 2 : "cmp1" was never used
Starting Vivado...

****** Vivado v2020.1 (64-bit)
  **** SW Build 2902540 on Wed May 27 19:54:49 MDT 2020
  **** IP Build 2902112 on Wed May 27 22:43:36 MDT 2020
    ** Copyright 1986-2020 Xilinx, Inc. All Rights Reserved.

source {C:\Users\Admin\Documents\alchitry\MemoryGameFinal\work\project.tcl}
# set projDir "C:/Users/Admin/Documents/alchitry/MemoryGameFinal/work/vivado"
# set projName "MemoryGameFinal"
# set topName top
# set device xc7a35tftg256-1
# if {[file exists "$projDir/$projName"]} { file delete -force "$projDir/$projName" }
# create_project $projName "$projDir/$projName" -part $device
# set_property design_mode RTL [get_filesets sources_1]
# set verilogSources [list "C:/Users/Admin/Documents/alchitry/MemoryGameFinal/work/verilog/au_top_0.v" "C:/Users/Admin/Documents/alchitry/MemoryGameFinal/work/verilog/reset_conditioner_1.v" "C:/Users/Admin/Documents/alchitry/MemoryGameFinal/work/verilog/button_conditioner_2.v" "C:/Users/Admin/Documents/alchitry/MemoryGameFinal/work/verilog/edge_detector_3.v" "C:/Users/Admin/Documents/alchitry/MemoryGameFinal/work/verilog/gameplay_4.v" "C:/Users/Admin/Documents/alchitry/MemoryGameFinal/work/verilog/pipeline_5.v" "C:/Users/Admin/Documents/alchitry/MemoryGameFinal/work/verilog/sequence_generator_6.v" "C:/Users/Admin/Documents/alchitry/MemoryGameFinal/work/verilog/check_sequence_7.v" "C:/Users/Admin/Documents/alchitry/MemoryGameFinal/work/verilog/multi_seven_seg_8.v" "C:/Users/Admin/Documents/alchitry/MemoryGameFinal/work/verilog/counter_9.v" "C:/Users/Admin/Documents/alchitry/MemoryGameFinal/work/verilog/edge_detector_10.v" "C:/Users/Admin/Documents/alchitry/MemoryGameFinal/work/verilog/counter_11.v" "C:/Users/Admin/Documents/alchitry/MemoryGameFinal/work/verilog/pn_gen_12.v" "C:/Users/Admin/Documents/alchitry/MemoryGameFinal/work/verilog/alu_13.v" "C:/Users/Admin/Documents/alchitry/MemoryGameFinal/work/verilog/counter_14.v" "C:/Users/Admin/Documents/alchitry/MemoryGameFinal/work/verilog/char_coder_15.v" "C:/Users/Admin/Documents/alchitry/MemoryGameFinal/work/verilog/decoder_16.v" "C:/Users/Admin/Documents/alchitry/MemoryGameFinal/work/verilog/adder_17.v" "C:/Users/Admin/Documents/alchitry/MemoryGameFinal/work/verilog/compare_18.v" "C:/Users/Admin/Documents/alchitry/MemoryGameFinal/work/verilog/boolean_19.v" "C:/Users/Admin/Documents/alchitry/MemoryGameFinal/work/verilog/shifter_20.v" "C:/Users/Admin/Documents/alchitry/MemoryGameFinal/work/verilog/multiplier_21.v" ]
# import_files -fileset [get_filesets sources_1] -force -norecurse $verilogSources
# set xdcSources [list "C:/Users/Admin/Documents/alchitry/MemoryGameFinal/constraint/custom.xdc" "C:/Users/Admin/Documents/alchitry/MemoryGameFinal/work/constraint/customio.xdc" ]
# read_xdc $xdcSources
# set_property STEPS.WRITE_BITSTREAM.ARGS.BIN_FILE true [get_runs impl_1]
# update_compile_order -fileset sources_1
# launch_runs -runs synth_1 -jobs 8

[Thu Jan 14 16:45:33 2021] Launched synth_1...
Run output will be captured here: C:/Users/Admin/Documents/alchitry/MemoryGameFinal/work/vivado/MemoryGameFinal/MemoryGameFinal.runs/synth_1/runme.log
# wait_on_run synth_1
[Thu Jan 14 16:45:33 2021] Waiting for synth_1 to finish...

*** Running vivado
    with args -log au_top_0.vds -m64 -product Vivado -mode batch -messageDb vivado.pb -notrace -source au_top_0.tcl



****** Vivado v2020.1 (64-bit)
  **** SW Build 2902540 on Wed May 27 19:54:49 MDT 2020
  **** IP Build 2902112 on Wed May 27 22:43:36 MDT 2020
    ** Copyright 1986-2020 Xilinx, Inc. All Rights Reserved.

source au_top_0.tcl -notrace
Command: synth_design -top au_top_0 -part xc7a35tftg256-1
Starting synth_design
Attempting to get a license for feature 'Synthesis' and/or device 'xc7a35t'
INFO: [Common 17-349] Got license for feature 'Synthesis' and/or device 'xc7a35t'
INFO: [Device 21-403] Loading part xc7a35tftg256-1
INFO: [Synth 8-7079] Multithreading enabled for synth_design using a maximum of 2 processes.
INFO: [Synth 8-7078] Launching helper process for spawning children vivado processes
INFO: [Synth 8-7075] Helper process launched with PID 7056
---------------------------------------------------------------------------------
Starting RTL Elaboration : Time (s): cpu = 00:00:05 ; elapsed = 00:00:05 . Memory (MB): peak = 1013.035 ; gain = 0.000
---------------------------------------------------------------------------------
INFO: [Synth 8-6157] synthesizing module 'au_top_0' [C:/Users/Admin/Documents/Alchitry/MemoryGameFinal/work/vivado/MemoryGameFinal/MemoryGameFinal.srcs/sources_1/imports/verilog/au_top_0.v:7]
INFO: [Synth 8-6157] synthesizing module 'button_conditioner_2' [C:/Users/Admin/Documents/Alchitry/MemoryGameFinal/work/vivado/MemoryGameFinal/MemoryGameFinal.srcs/sources_1/imports/verilog/button_conditioner_2.v:13]
	Parameter CLK_FREQ bound to: 26'b10111110101111000010000000 
	Parameter MIN_DELAY bound to: 5'b10100 
	Parameter NUM_SYNC bound to: 2'b10 
INFO: [Synth 8-6157] synthesizing module 'pipeline_5' [C:/Users/Admin/Documents/Alchitry/MemoryGameFinal/work/vivado/MemoryGameFinal/MemoryGameFinal.srcs/sources_1/imports/verilog/pipeline_5.v:11]
	Parameter DEPTH bound to: 2'b10 
INFO: [Synth 8-6155] done synthesizing module 'pipeline_5' (1#1) [C:/Users/Admin/Documents/Alchitry/MemoryGameFinal/work/vivado/MemoryGameFinal/MemoryGameFinal.srcs/sources_1/imports/verilog/pipeline_5.v:11]
INFO: [Synth 8-6155] done synthesizing module 'button_conditioner_2' (2#1) [C:/Users/Admin/Documents/Alchitry/MemoryGameFinal/work/vivado/MemoryGameFinal/MemoryGameFinal.srcs/sources_1/imports/verilog/button_conditioner_2.v:13]
INFO: [Synth 8-6157] synthesizing module 'edge_detector_3' [C:/Users/Admin/Documents/Alchitry/MemoryGameFinal/work/vivado/MemoryGameFinal/MemoryGameFinal.srcs/sources_1/imports/verilog/edge_detector_3.v:12]
	Parameter RISE bound to: 1'b1 
	Parameter FALL bound to: 1'b0 
INFO: [Synth 8-6155] done synthesizing module 'edge_detector_3' (3#1) [C:/Users/Admin/Documents/Alchitry/MemoryGameFinal/work/vivado/MemoryGameFinal/MemoryGameFinal.srcs/sources_1/imports/verilog/edge_detector_3.v:12]
INFO: [Synth 8-6157] synthesizing module 'reset_conditioner_1' [C:/Users/Admin/Documents/Alchitry/MemoryGameFinal/work/vivado/MemoryGameFinal/MemoryGameFinal.srcs/sources_1/imports/verilog/reset_conditioner_1.v:11]
	Parameter STAGES bound to: 3'b100 
INFO: [Synth 8-6155] done synthesizing module 'reset_conditioner_1' (4#1) [C:/Users/Admin/Documents/Alchitry/MemoryGameFinal/work/vivado/MemoryGameFinal/MemoryGameFinal.srcs/sources_1/imports/verilog/reset_conditioner_1.v:11]
INFO: [Synth 8-6157] synthesizing module 'gameplay_4' [C:/Users/Admin/Documents/Alchitry/MemoryGameFinal/work/vivado/MemoryGameFinal/MemoryGameFinal.srcs/sources_1/imports/verilog/gameplay_4.v:7]
	Parameter START_gameMachine bound to: 5'b00000 
	Parameter UPDATE_SETTINGS_gameMachine bound to: 5'b00001 
	Parameter GENERATE_gameMachine bound to: 5'b00010 
	Parameter DISPLAY_CLR1_gameMachine bound to: 5'b00011 
	Parameter DISPLAY_CLR2_gameMachine bound to: 5'b00100 
	Parameter DISPLAY_CLR3_gameMachine bound to: 5'b00101 
	Parameter DISPLAY_CLR4_gameMachine bound to: 5'b00110 
	Parameter DISPLAY_CLR5_gameMachine bound to: 5'b00111 
	Parameter DISPLAY_CLR6_gameMachine bound to: 5'b01000 
	Parameter STORE_gameMachine bound to: 5'b01001 
	Parameter CHECK_gameMachine bound to: 5'b01010 
	Parameter PASS_STAGE_gameMachine bound to: 5'b01011 
	Parameter WIN_GAME_gameMachine bound to: 5'b01100 
	Parameter FAIL_STAGE_gameMachine bound to: 5'b01101 
	Parameter LOSE_GAME_gameMachine bound to: 5'b01110 
	Parameter RESET_gameMachine bound to: 5'b01111 
	Parameter NEXT_gameMachine bound to: 5'b10000 
INFO: [Synth 8-6157] synthesizing module 'sequence_generator_6' [C:/Users/Admin/Documents/Alchitry/MemoryGameFinal/work/vivado/MemoryGameFinal/MemoryGameFinal.srcs/sources_1/imports/verilog/sequence_generator_6.v:7]
	Parameter LEVEL3 bound to: 96'b100000010100100000100100001000010100000110000001010000011000100001000010000101000001001000101000 
	Parameter LEVEL2 bound to: 80'b00011000010010000010100000100100010000010010000110000100100001000010100001000001 
	Parameter LEVEL1 bound to: 64'b1000001010000001001001000001100001000001100000010001001010000100 
INFO: [Synth 8-6157] synthesizing module 'edge_detector_10' [C:/Users/Admin/Documents/Alchitry/MemoryGameFinal/work/vivado/MemoryGameFinal/MemoryGameFinal.srcs/sources_1/imports/verilog/edge_detector_10.v:12]
	Parameter RISE bound to: 1'b1 
	Parameter FALL bound to: 1'b1 
INFO: [Synth 8-6155] done synthesizing module 'edge_detector_10' (5#1) [C:/Users/Admin/Documents/Alchitry/MemoryGameFinal/work/vivado/MemoryGameFinal/MemoryGameFinal.srcs/sources_1/imports/verilog/edge_detector_10.v:12]
INFO: [Synth 8-6157] synthesizing module 'counter_11' [C:/Users/Admin/Documents/Alchitry/MemoryGameFinal/work/vivado/MemoryGameFinal/MemoryGameFinal.srcs/sources_1/imports/verilog/counter_11.v:14]
	Parameter SIZE bound to: 1'b1 
	Parameter DIV bound to: 5'b11010 
	Parameter TOP bound to: 1'b0 
	Parameter UP bound to: 1'b1 
	Parameter MAX_VALUE bound to: 27'b011111111111111111111111111 
INFO: [Synth 8-6155] done synthesizing module 'counter_11' (6#1) [C:/Users/Admin/Documents/Alchitry/MemoryGameFinal/work/vivado/MemoryGameFinal/MemoryGameFinal.srcs/sources_1/imports/verilog/counter_11.v:14]
INFO: [Synth 8-6157] synthesizing module 'pn_gen_12' [C:/Users/Admin/Documents/Alchitry/MemoryGameFinal/work/vivado/MemoryGameFinal/MemoryGameFinal.srcs/sources_1/imports/verilog/pn_gen_12.v:11]
	Parameter SEED bound to: 128'b10000100001100100011001101010010001110100110000100111001011001100100001000111011011000100010010101100010010110010010110001100010 
INFO: [Synth 8-6155] done synthesizing module 'pn_gen_12' (7#1) [C:/Users/Admin/Documents/Alchitry/MemoryGameFinal/work/vivado/MemoryGameFinal/MemoryGameFinal.srcs/sources_1/imports/verilog/pn_gen_12.v:11]
WARNING: [Synth 8-151] case item 4'b1010 is unreachable [C:/Users/Admin/Documents/Alchitry/MemoryGameFinal/work/vivado/MemoryGameFinal/MemoryGameFinal.srcs/sources_1/imports/verilog/sequence_generator_6.v:61]
WARNING: [Synth 8-151] case item 4'b1011 is unreachable [C:/Users/Admin/Documents/Alchitry/MemoryGameFinal/work/vivado/MemoryGameFinal/MemoryGameFinal.srcs/sources_1/imports/verilog/sequence_generator_6.v:64]
INFO: [Synth 8-6155] done synthesizing module 'sequence_generator_6' (8#1) [C:/Users/Admin/Documents/Alchitry/MemoryGameFinal/work/vivado/MemoryGameFinal/MemoryGameFinal.srcs/sources_1/imports/verilog/sequence_generator_6.v:7]
INFO: [Synth 8-6157] synthesizing module 'check_sequence_7' [C:/Users/Admin/Documents/Alchitry/MemoryGameFinal/work/vivado/MemoryGameFinal/MemoryGameFinal.srcs/sources_1/imports/verilog/check_sequence_7.v:7]
INFO: [Synth 8-6157] synthesizing module 'alu_13' [C:/Users/Admin/Documents/Alchitry/MemoryGameFinal/work/vivado/MemoryGameFinal/MemoryGameFinal.srcs/sources_1/imports/verilog/alu_13.v:7]
INFO: [Synth 8-6157] synthesizing module 'adder_17' [C:/Users/Admin/Documents/Alchitry/MemoryGameFinal/work/vivado/MemoryGameFinal/MemoryGameFinal.srcs/sources_1/imports/verilog/adder_17.v:7]
INFO: [Synth 8-226] default block is never used [C:/Users/Admin/Documents/Alchitry/MemoryGameFinal/work/vivado/MemoryGameFinal/MemoryGameFinal.srcs/sources_1/imports/verilog/adder_17.v:24]
INFO: [Synth 8-6155] done synthesizing module 'adder_17' (9#1) [C:/Users/Admin/Documents/Alchitry/MemoryGameFinal/work/vivado/MemoryGameFinal/MemoryGameFinal.srcs/sources_1/imports/verilog/adder_17.v:7]
INFO: [Synth 8-6157] synthesizing module 'compare_18' [C:/Users/Admin/Documents/Alchitry/MemoryGameFinal/work/vivado/MemoryGameFinal/MemoryGameFinal.srcs/sources_1/imports/verilog/compare_18.v:7]
INFO: [Synth 8-6155] done synthesizing module 'compare_18' (10#1) [C:/Users/Admin/Documents/Alchitry/MemoryGameFinal/work/vivado/MemoryGameFinal/MemoryGameFinal.srcs/sources_1/imports/verilog/compare_18.v:7]
INFO: [Synth 8-6157] synthesizing module 'boolean_19' [C:/Users/Admin/Documents/Alchitry/MemoryGameFinal/work/vivado/MemoryGameFinal/MemoryGameFinal.srcs/sources_1/imports/verilog/boolean_19.v:7]
INFO: [Synth 8-6155] done synthesizing module 'boolean_19' (11#1) [C:/Users/Admin/Documents/Alchitry/MemoryGameFinal/work/vivado/MemoryGameFinal/MemoryGameFinal.srcs/sources_1/imports/verilog/boolean_19.v:7]
INFO: [Synth 8-6157] synthesizing module 'shifter_20' [C:/Users/Admin/Documents/Alchitry/MemoryGameFinal/work/vivado/MemoryGameFinal/MemoryGameFinal.srcs/sources_1/imports/verilog/shifter_20.v:7]
INFO: [Synth 8-6155] done synthesizing module 'shifter_20' (12#1) [C:/Users/Admin/Documents/Alchitry/MemoryGameFinal/work/vivado/MemoryGameFinal/MemoryGameFinal.srcs/sources_1/imports/verilog/shifter_20.v:7]
INFO: [Synth 8-6157] synthesizing module 'multiplier_21' [C:/Users/Admin/Documents/Alchitry/MemoryGameFinal/work/vivado/MemoryGameFinal/MemoryGameFinal.srcs/sources_1/imports/verilog/multiplier_21.v:7]
INFO: [Synth 8-6155] done synthesizing module 'multiplier_21' (13#1) [C:/Users/Admin/Documents/Alchitry/MemoryGameFinal/work/vivado/MemoryGameFinal/MemoryGameFinal.srcs/sources_1/imports/verilog/multiplier_21.v:7]
INFO: [Synth 8-226] default block is never used [C:/Users/Admin/Documents/Alchitry/MemoryGameFinal/work/vivado/MemoryGameFinal/MemoryGameFinal.srcs/sources_1/imports/verilog/alu_13.v:100]
INFO: [Synth 8-6155] done synthesizing module 'alu_13' (14#1) [C:/Users/Admin/Documents/Alchitry/MemoryGameFinal/work/vivado/MemoryGameFinal/MemoryGameFinal.srcs/sources_1/imports/verilog/alu_13.v:7]
INFO: [Synth 8-6155] done synthesizing module 'check_sequence_7' (15#1) [C:/Users/Admin/Documents/Alchitry/MemoryGameFinal/work/vivado/MemoryGameFinal/MemoryGameFinal.srcs/sources_1/imports/verilog/check_sequence_7.v:7]
INFO: [Synth 8-6157] synthesizing module 'multi_seven_seg_8' [C:/Users/Admin/Documents/Alchitry/MemoryGameFinal/work/vivado/MemoryGameFinal/MemoryGameFinal.srcs/sources_1/imports/verilog/multi_seven_seg_8.v:12]
	Parameter DIGITS bound to: 3'b100 
	Parameter DIV bound to: 5'b10000 
	Parameter DIGIT_BITS bound to: 2'b10 
INFO: [Synth 8-6157] synthesizing module 'counter_14' [C:/Users/Admin/Documents/Alchitry/MemoryGameFinal/work/vivado/MemoryGameFinal/MemoryGameFinal.srcs/sources_1/imports/verilog/counter_14.v:14]
	Parameter SIZE bound to: 2'b10 
	Parameter DIV bound to: 5'b10000 
	Parameter TOP bound to: 4'b0011 
	Parameter UP bound to: 1'b1 
	Parameter MAX_VALUE bound to: 20'b00111111111111111111 
INFO: [Synth 8-6155] done synthesizing module 'counter_14' (16#1) [C:/Users/Admin/Documents/Alchitry/MemoryGameFinal/work/vivado/MemoryGameFinal/MemoryGameFinal.srcs/sources_1/imports/verilog/counter_14.v:14]
INFO: [Synth 8-6157] synthesizing module 'char_coder_15' [C:/Users/Admin/Documents/Alchitry/MemoryGameFinal/work/vivado/MemoryGameFinal/MemoryGameFinal.srcs/sources_1/imports/verilog/char_coder_15.v:7]
INFO: [Synth 8-6155] done synthesizing module 'char_coder_15' (17#1) [C:/Users/Admin/Documents/Alchitry/MemoryGameFinal/work/vivado/MemoryGameFinal/MemoryGameFinal.srcs/sources_1/imports/verilog/char_coder_15.v:7]
INFO: [Synth 8-6157] synthesizing module 'decoder_16' [C:/Users/Admin/Documents/Alchitry/MemoryGameFinal/work/vivado/MemoryGameFinal/MemoryGameFinal.srcs/sources_1/imports/verilog/decoder_16.v:11]
	Parameter WIDTH bound to: 2'b10 
INFO: [Synth 8-6155] done synthesizing module 'decoder_16' (18#1) [C:/Users/Admin/Documents/Alchitry/MemoryGameFinal/work/vivado/MemoryGameFinal/MemoryGameFinal.srcs/sources_1/imports/verilog/decoder_16.v:11]
INFO: [Synth 8-6155] done synthesizing module 'multi_seven_seg_8' (19#1) [C:/Users/Admin/Documents/Alchitry/MemoryGameFinal/work/vivado/MemoryGameFinal/MemoryGameFinal.srcs/sources_1/imports/verilog/multi_seven_seg_8.v:12]
INFO: [Synth 8-6157] synthesizing module 'counter_9' [C:/Users/Admin/Documents/Alchitry/MemoryGameFinal/work/vivado/MemoryGameFinal/MemoryGameFinal.srcs/sources_1/imports/verilog/counter_9.v:14]
	Parameter SIZE bound to: 5'b11100 
	Parameter DIV bound to: 1'b0 
	Parameter TOP bound to: 1'b0 
	Parameter UP bound to: 1'b1 
	Parameter MAX_VALUE bound to: 1'b0 
INFO: [Synth 8-6155] done synthesizing module 'counter_9' (20#1) [C:/Users/Admin/Documents/Alchitry/MemoryGameFinal/work/vivado/MemoryGameFinal/MemoryGameFinal.srcs/sources_1/imports/verilog/counter_9.v:14]
INFO: [Synth 8-155] case statement is not full and has no default [C:/Users/Admin/Documents/Alchitry/MemoryGameFinal/work/vivado/MemoryGameFinal/MemoryGameFinal.srcs/sources_1/imports/verilog/gameplay_4.v:166]
INFO: [Synth 8-155] case statement is not full and has no default [C:/Users/Admin/Documents/Alchitry/MemoryGameFinal/work/vivado/MemoryGameFinal/MemoryGameFinal.srcs/sources_1/imports/verilog/gameplay_4.v:189]
INFO: [Synth 8-155] case statement is not full and has no default [C:/Users/Admin/Documents/Alchitry/MemoryGameFinal/work/vivado/MemoryGameFinal/MemoryGameFinal.srcs/sources_1/imports/verilog/gameplay_4.v:212]
INFO: [Synth 8-155] case statement is not full and has no default [C:/Users/Admin/Documents/Alchitry/MemoryGameFinal/work/vivado/MemoryGameFinal/MemoryGameFinal.srcs/sources_1/imports/verilog/gameplay_4.v:235]
INFO: [Synth 8-155] case statement is not full and has no default [C:/Users/Admin/Documents/Alchitry/MemoryGameFinal/work/vivado/MemoryGameFinal/MemoryGameFinal.srcs/sources_1/imports/verilog/gameplay_4.v:262]
INFO: [Synth 8-155] case statement is not full and has no default [C:/Users/Admin/Documents/Alchitry/MemoryGameFinal/work/vivado/MemoryGameFinal/MemoryGameFinal.srcs/sources_1/imports/verilog/gameplay_4.v:289]
INFO: [Synth 8-155] case statement is not full and has no default [C:/Users/Admin/Documents/Alchitry/MemoryGameFinal/work/vivado/MemoryGameFinal/MemoryGameFinal.srcs/sources_1/imports/verilog/gameplay_4.v:314]
INFO: [Synth 8-155] case statement is not full and has no default [C:/Users/Admin/Documents/Alchitry/MemoryGameFinal/work/vivado/MemoryGameFinal/MemoryGameFinal.srcs/sources_1/imports/verilog/gameplay_4.v:131]
INFO: [Synth 8-6155] done synthesizing module 'gameplay_4' (21#1) [C:/Users/Admin/Documents/Alchitry/MemoryGameFinal/work/vivado/MemoryGameFinal/MemoryGameFinal.srcs/sources_1/imports/verilog/gameplay_4.v:7]
INFO: [Synth 8-6155] done synthesizing module 'au_top_0' (22#1) [C:/Users/Admin/Documents/Alchitry/MemoryGameFinal/work/vivado/MemoryGameFinal/MemoryGameFinal.srcs/sources_1/imports/verilog/au_top_0.v:7]
---------------------------------------------------------------------------------
Finished RTL Elaboration : Time (s): cpu = 00:00:06 ; elapsed = 00:00:07 . Memory (MB): peak = 1013.035 ; gain = 0.000
---------------------------------------------------------------------------------
---------------------------------------------------------------------------------
Start Handling Custom Attributes
---------------------------------------------------------------------------------
---------------------------------------------------------------------------------
Finished Handling Custom Attributes : Time (s): cpu = 00:00:07 ; elapsed = 00:00:07 . Memory (MB): peak = 1013.035 ; gain = 0.000
---------------------------------------------------------------------------------
---------------------------------------------------------------------------------
Finished RTL Optimization Phase 1 : Time (s): cpu = 00:00:07 ; elapsed = 00:00:07 . Memory (MB): peak = 1013.035 ; gain = 0.000
---------------------------------------------------------------------------------
Netlist sorting complete. Time (s): cpu = 00:00:00 ; elapsed = 00:00:00.029 . Memory (MB): peak = 1013.035 ; gain = 0.000
INFO: [Project 1-570] Preparing netlist for logic optimization

Processing XDC Constraints
Initializing timing engine
Parsing XDC File [C:/Users/Admin/Documents/alchitry/MemoryGameFinal/constraint/custom.xdc]
Finished Parsing XDC File [C:/Users/Admin/Documents/alchitry/MemoryGameFinal/constraint/custom.xdc]
INFO: [Project 1-236] Implementation specific constraints were found while reading constraint file [C:/Users/Admin/Documents/alchitry/MemoryGameFinal/constraint/custom.xdc]. These constraints will be ignored for synthesis but will be used in implementation. Impacted constraints are listed in the file [.Xil/au_top_0_propImpl.xdc].
Resolution: To avoid this warning, move constraints listed in [.Xil/au_top_0_propImpl.xdc] to another XDC file and exclude this new file from synthesis with the used_in_synthesis property (File Properties dialog in GUI) and re-run elaboration/synthesis.
Parsing XDC File [C:/Users/Admin/Documents/alchitry/MemoryGameFinal/work/constraint/customio.xdc]
Finished Parsing XDC File [C:/Users/Admin/Documents/alchitry/MemoryGameFinal/work/constraint/customio.xdc]
INFO: [Project 1-236] Implementation specific constraints were found while reading constraint file [C:/Users/Admin/Documents/alchitry/MemoryGameFinal/work/constraint/customio.xdc]. These constraints will be ignored for synthesis but will be used in implementation. Impacted constraints are listed in the file [.Xil/au_top_0_propImpl.xdc].
Resolution: To avoid this warning, move constraints listed in [.Xil/au_top_0_propImpl.xdc] to another XDC file and exclude this new file from synthesis with the used_in_synthesis property (File Properties dialog in GUI) and re-run elaboration/synthesis.
Completed Processing XDC Constraints

Netlist sorting complete. Time (s): cpu = 00:00:00 ; elapsed = 00:00:00.001 . Memory (MB): peak = 1013.035 ; gain = 0.000
INFO: [Project 1-111] Unisim Transformation Summary:
No Unisim elements were transformed.

Constraint Validation Runtime : Time (s): cpu = 00:00:00 ; elapsed = 00:00:00.007 . Memory (MB): peak = 1013.035 ; gain = 0.000
---------------------------------------------------------------------------------
Finished Constraint Validation : Time (s): cpu = 00:00:16 ; elapsed = 00:00:16 . Memory (MB): peak = 1013.035 ; gain = 0.000
---------------------------------------------------------------------------------
---------------------------------------------------------------------------------
Start Loading Part and Timing Information
---------------------------------------------------------------------------------
Loading part: xc7a35tftg256-1
---------------------------------------------------------------------------------
Finished Loading Part and Timing Information : Time (s): cpu = 00:00:16 ; elapsed = 00:00:16 . Memory (MB): peak = 1013.035 ; gain = 0.000
---------------------------------------------------------------------------------
---------------------------------------------------------------------------------
Start Applying 'set_property' XDC Constraints
---------------------------------------------------------------------------------
---------------------------------------------------------------------------------
Finished applying 'set_property' XDC Constraints : Time (s): cpu = 00:00:16 ; elapsed = 00:00:17 . Memory (MB): peak = 1013.035 ; gain = 0.000
---------------------------------------------------------------------------------
INFO: [Synth 8-802] inferred FSM for state register 'M_new_level_q_reg' in module 'gameplay_4'
---------------------------------------------------------------------------------------------------
                   State |                     New Encoding |                Previous Encoding 
---------------------------------------------------------------------------------------------------
                 iSTATE2 |                             0001 |                               00
*
                  iSTATE |                             0010 |                               11
                 iSTATE0 |                             0100 |                               10
                 iSTATE1 |                             1000 |                               01
---------------------------------------------------------------------------------------------------
INFO: [Synth 8-3354] encoded FSM with state register 'M_new_level_q_reg' using encoding 'one-hot' in module 'gameplay_4'
WARNING: [Synth 8-327] inferring latch for variable 'M_lives_disp_values_reg' [C:/Users/Admin/Documents/Alchitry/MemoryGameFinal/work/vivado/MemoryGameFinal/MemoryGameFinal.srcs/sources_1/imports/verilog/gameplay_4.v:50]
---------------------------------------------------------------------------------
Finished RTL Optimization Phase 2 : Time (s): cpu = 00:00:17 ; elapsed = 00:00:17 . Memory (MB): peak = 1013.035 ; gain = 0.000
---------------------------------------------------------------------------------
---------------------------------------------------------------------------------
Start RTL Component Statistics 
---------------------------------------------------------------------------------
Detailed RTL Component Info : 
+---Adders : 
	   2 Input   18 Bit       Adders := 2     
	   3 Input   16 Bit       Adders := 1     
	   2 Input    3 Bit       Adders := 1     
	   2 Input    2 Bit       Adders := 1     
+---XORs : 
	   2 Input     32 Bit         XORs := 2     
	   4 Input     32 Bit         XORs := 1     
	   2 Input     16 Bit         XORs := 1     
	   2 Input      1 Bit         XORs := 2     
+---Registers : 
	               32 Bit    Registers := 4     
	               25 Bit    Registers := 2     
	               18 Bit    Registers := 2     
	                5 Bit    Registers := 1     
	                4 Bit    Registers := 1     
	                3 Bit    Registers := 1     
	                2 Bit    Registers := 9     
	                1 Bit    Registers := 9     
+---Muxes : 
	   2 Input   32 Bit        Muxes := 1     
	  17 Input   28 Bit        Muxes := 1     
	   2 Input   28 Bit        Muxes := 2     
	  17 Input   25 Bit        Muxes := 3     
	   2 Input   25 Bit        Muxes := 1     
	  17 Input   24 Bit        Muxes := 1     
	   2 Input   18 Bit        Muxes := 2     
	   2 Input   16 Bit        Muxes := 6     
	   4 Input   16 Bit        Muxes := 5     
	   4 Input    8 Bit        Muxes := 2     
	   2 Input    7 Bit        Muxes := 2     
	   4 Input    6 Bit        Muxes := 1     
	   2 Input    5 Bit        Muxes := 2     
	  17 Input    5 Bit        Muxes := 1     
	   2 Input    4 Bit        Muxes := 6     
	  18 Input    4 Bit        Muxes := 1     
	   4 Input    4 Bit        Muxes := 2     
	  17 Input    3 Bit        Muxes := 1     
	  17 Input    2 Bit        Muxes := 2     
	  18 Input    2 Bit        Muxes := 1     
	   2 Input    1 Bit        Muxes := 3     
	   4 Input    1 Bit        Muxes := 2     
	   3 Input    1 Bit        Muxes := 2     
	  17 Input    1 Bit        Muxes := 5     
	   5 Input    1 Bit        Muxes := 24    
---------------------------------------------------------------------------------
Finished RTL Component Statistics 
---------------------------------------------------------------------------------
---------------------------------------------------------------------------------
Start Part Resource Summary
---------------------------------------------------------------------------------
Part Resources:
DSPs: 90 (col length:60)
BRAMs: 100 (col length: RAMB18 60 RAMB36 30)
---------------------------------------------------------------------------------
Finished Part Resource Summary
---------------------------------------------------------------------------------
---------------------------------------------------------------------------------
Start Cross Boundary and Area Optimization
---------------------------------------------------------------------------------
---------------------------------------------------------------------------------
Finished Cross Boundary and Area Optimization : Time (s): cpu = 00:00:21 ; elapsed = 00:00:22 . Memory (MB): peak = 1013.035 ; gain = 0.000
---------------------------------------------------------------------------------
---------------------------------------------------------------------------------
Start Applying XDC Timing Constraints
---------------------------------------------------------------------------------
---------------------------------------------------------------------------------
Finished Applying XDC Timing Constraints : Time (s): cpu = 00:00:28 ; elapsed = 00:00:29 . Memory (MB): peak = 1013.035 ; gain = 0.000
---------------------------------------------------------------------------------
---------------------------------------------------------------------------------
Start Timing Optimization
---------------------------------------------------------------------------------
---------------------------------------------------------------------------------
Finished Timing Optimization : Time (s): cpu = 00:00:30 ; elapsed = 00:00:31 . Memory (MB): peak = 1013.035 ; gain = 0.000
---------------------------------------------------------------------------------
---------------------------------------------------------------------------------
Start Technology Mapping
---------------------------------------------------------------------------------
---------------------------------------------------------------------------------
Finished Technology Mapping : Time (s): cpu = 00:00:30 ; elapsed = 00:00:31 . Memory (MB): peak = 1013.035 ; gain = 0.000
---------------------------------------------------------------------------------
---------------------------------------------------------------------------------
Start IO Insertion
---------------------------------------------------------------------------------
---------------------------------------------------------------------------------
Start Flattening Before IO Insertion
---------------------------------------------------------------------------------
---------------------------------------------------------------------------------
Finished Flattening Before IO Insertion
---------------------------------------------------------------------------------
---------------------------------------------------------------------------------
Start Final Netlist Cleanup
---------------------------------------------------------------------------------
---------------------------------------------------------------------------------
Finished Final Netlist Cleanup
---------------------------------------------------------------------------------
---------------------------------------------------------------------------------
Finished IO Insertion : Time (s): cpu = 00:00:34 ; elapsed = 00:00:35 . Memory (MB): peak = 1013.035 ; gain = 0.000
---------------------------------------------------------------------------------
---------------------------------------------------------------------------------
Start Renaming Generated Instances
---------------------------------------------------------------------------------
---------------------------------------------------------------------------------
Finished Renaming Generated Instances : Time (s): cpu = 00:00:34 ; elapsed = 00:00:35 . Memory (MB): peak = 1013.035 ; gain = 0.000
---------------------------------------------------------------------------------
---------------------------------------------------------------------------------
Start Rebuilding User Hierarchy
---------------------------------------------------------------------------------
---------------------------------------------------------------------------------
Finished Rebuilding User Hierarchy : Time (s): cpu = 00:00:34 ; elapsed = 00:00:35 . Memory (MB): peak = 1013.035 ; gain = 0.000
---------------------------------------------------------------------------------
---------------------------------------------------------------------------------
Start Renaming Generated Ports
---------------------------------------------------------------------------------
---------------------------------------------------------------------------------
Finished Renaming Generated Ports : Time (s): cpu = 00:00:34 ; elapsed = 00:00:35 . Memory (MB): peak = 1013.035 ; gain = 0.000
---------------------------------------------------------------------------------
---------------------------------------------------------------------------------
Start Handling Custom Attributes
---------------------------------------------------------------------------------
---------------------------------------------------------------------------------
Finished Handling Custom Attributes : Time (s): cpu = 00:00:34 ; elapsed = 00:00:36 . Memory (MB): peak = 1013.035 ; gain = 0.000
---------------------------------------------------------------------------------
---------------------------------------------------------------------------------
Start Renaming Generated Nets
---------------------------------------------------------------------------------
---------------------------------------------------------------------------------
Finished Renaming Generated Nets : Time (s): cpu = 00:00:34 ; elapsed = 00:00:36 . Memory (MB): peak = 1013.035 ; gain = 0.000
---------------------------------------------------------------------------------
---------------------------------------------------------------------------------
Start Writing Synthesis Report
---------------------------------------------------------------------------------

Report BlackBoxes: 
+-+--------------+----------+
| |BlackBox name |Instances |
+-+--------------+----------+
+-+--------------+----------+

Report Cell Usage: 
+------+-------+------+
|      |Cell   |Count |
+------+-------+------+
|1     |BUFG   |     1|
|2     |CARRY4 |    64|
|3     |LUT1   |    23|
|4     |LUT2   |    76|
|5     |LUT3   |    38|
|6     |LUT4   |    63|
|7     |LUT5   |    45|
|8     |LUT6   |    99|
|9     |FDRE   |   377|
|10    |FDSE   |    50|
|11    |LD     |     4|
|12    |IBUF   |     9|
|13    |OBUF   |    73|
+------+-------+------+
---------------------------------------------------------------------------------
Finished Writing Synthesis Report : Time (s): cpu = 00:00:34 ; elapsed = 00:00:36 . Memory (MB): peak = 1013.035 ; gain = 0.000
---------------------------------------------------------------------------------
Synthesis finished with 0 errors, 0 critical warnings and 1 warnings.
Synthesis Optimization Runtime : Time (s): cpu = 00:00:25 ; elapsed = 00:00:32 . Memory (MB): peak = 1013.035 ; gain = 0.000
Synthesis Optimization Complete : Time (s): cpu = 00:00:35 ; elapsed = 00:00:36 . Memory (MB): peak = 1013.035 ; gain = 0.000
INFO: [Project 1-571] Translating synthesized netlist
Netlist sorting complete. Time (s): cpu = 00:00:00 ; elapsed = 00:00:00.015 . Memory (MB): peak = 1013.035 ; gain = 0.000
INFO: [Netlist 29-17] Analyzing 68 Unisim elements for replacement
INFO: [Netlist 29-28] Unisim Transformation completed in 0 CPU seconds
INFO: [Project 1-570] Preparing netlist for logic optimization
INFO: [Opt 31-138] Pushed 0 inverter(s) to 0 load pin(s).
Netlist sorting complete. Time (s): cpu = 00:00:00 ; elapsed = 00:00:00 . Memory (MB): peak = 1013.035 ; gain = 0.000
INFO: [Project 1-111] Unisim Transformation Summary:
  A total of 4 instances were transformed.
  LD => LDCE: 4 instances

INFO: [Common 17-83] Releasing license: Synthesis
72 Infos, 3 Warnings, 0 Critical Warnings and 0 Errors encountered.
synth_design completed successfully
synth_design: Time (s): cpu = 00:00:41 ; elapsed = 00:00:45 . Memory (MB): peak = 1013.035 ; gain = 0.000
INFO: [Common 17-1381] The checkpoint 'C:/Users/Admin/Documents/Alchitry/MemoryGameFinal/work/vivado/MemoryGameFinal/MemoryGameFinal.runs/synth_1/au_top_0.dcp' has been generated.
INFO: [runtcl-4] Executing : report_utilization -file au_top_0_utilization_synth.rpt -pb au_top_0_utilization_synth.pb
INFO: [Common 17-206] Exiting Vivado at Thu Jan 14 16:46:25 2021...
[Thu Jan 14 16:46:29 2021] synth_1 finished
wait_on_run: Time (s): cpu = 00:00:00 ; elapsed = 00:00:55 . Memory (MB): peak = 1013.137 ; gain = 0.000
# launch_runs impl_1 -to_step write_bitstream -jobs 8
[Thu Jan 14 16:46:29 2021] Launched impl_1...
Run output will be captured here: C:/Users/Admin/Documents/alchitry/MemoryGameFinal/work/vivado/MemoryGameFinal/MemoryGameFinal.runs/impl_1/runme.log
# wait_on_run impl_1
[Thu Jan 14 16:46:29 2021] Waiting for impl_1 to finish...


*** Running vivado
    with args -log au_top_0.vdi -applog -m64 -product Vivado -messageDb vivado.pb -mode batch -source au_top_0.tcl -notrace



****** Vivado v2020.1 (64-bit)
  **** SW Build 2902540 on Wed May 27 19:54:49 MDT 2020
  **** IP Build 2902112 on Wed May 27 22:43:36 MDT 2020
    ** Copyright 1986-2020 Xilinx, Inc. All Rights Reserved.

source au_top_0.tcl -notrace
Command: link_design -top au_top_0 -part xc7a35tftg256-1
Design is defaulting to srcset: sources_1
Design is defaulting to constrset: constrs_1
INFO: [Device 21-403] Loading part xc7a35tftg256-1
Netlist sorting complete. Time (s): cpu = 00:00:00 ; elapsed = 00:00:00.011 . Memory (MB): peak = 1014.195 ; gain = 0.000
INFO: [Netlist 29-17] Analyzing 64 Unisim elements for replacement
INFO: [Netlist 29-28] Unisim Transformation completed in 0 CPU seconds
INFO: [Project 1-479] Netlist was created with Vivado 2020.1
INFO: [Project 1-570] Preparing netlist for logic optimization
Parsing XDC File [C:/Users/Admin/Documents/alchitry/MemoryGameFinal/constraint/custom.xdc]
Finished Parsing XDC File [C:/Users/Admin/Documents/alchitry/MemoryGameFinal/constraint/custom.xdc]
Parsing XDC File [C:/Users/Admin/Documents/alchitry/MemoryGameFinal/work/constraint/customio.xdc]
CRITICAL WARNING: [Common 17-69] Command failed: 'null' is not a valid site or package pin name. [C:/Users/Admin/Documents/alchitry/MemoryGameFinal/work/constraint/customio.xdc:89]
CRITICAL WARNING: [Common 17-69] Command failed: 'null' is not a valid site or package pin name. [C:/Users/Admin/Documents/alchitry/MemoryGameFinal/work/constraint/customio.xdc:91]
Finished Parsing XDC File [C:/Users/Admin/Documents/alchitry/MemoryGameFinal/work/constraint/customio.xdc]
INFO: [Opt 31-138] Pushed 0 inverter(s) to 0 load pin(s).
Netlist sorting complete. Time (s): cpu = 00:00:00 ; elapsed = 00:00:00.001 . Memory (MB): peak = 1014.195 ; gain = 0.000
INFO: [Project 1-111] Unisim Transformation Summary:
No Unisim elements were transformed.

7 Infos, 0 Warnings, 2 Critical Warnings and 0 Errors encountered.
link_design completed successfully
link_design: Time (s): cpu = 00:00:07 ; elapsed = 00:00:08 . Memory (MB): peak = 1014.195 ; gain = 0.000
Command: opt_design
Attempting to get a license for feature 'Implementation' and/or device 'xc7a35t'
INFO: [Common 17-349] Got license for feature 'Implementation' and/or device 'xc7a35t'
Running DRC as a precondition to command opt_design

Starting DRC Task
INFO: [DRC 23-27] Running DRC with 2 threads
INFO: [Project 1-461] DRC finished with 0 Errors
INFO: [Project 1-462] Please refer to the DRC report (report_drc) for more information.

Time (s): cpu = 00:00:02 ; elapsed = 00:00:01 . Memory (MB): peak = 1014.195 ; gain = 0.000

Starting Cache Timing Information Task
INFO: [Timing 38-35] Done setting XDC timing constraints.
Ending Cache Timing Information Task | Checksum: 162bfaa4a

Time (s): cpu = 00:00:10 ; elapsed = 00:00:10 . Memory (MB): peak = 1245.574 ; gain = 231.379

Starting Logic Optimization Task

Phase 1 Retarget
INFO: [Opt 31-138] Pushed 0 inverter(s) to 0 load pin(s).
INFO: [Opt 31-49] Retargeted 0 cell(s).
Phase 1 Retarget | Checksum: 162bfaa4a

Time (s): cpu = 00:00:00 ; elapsed = 00:00:00.048 . Memory (MB): peak = 1449.668 ; gain = 0.000
INFO: [Opt 31-389] Phase Retarget created 0 cells and removed 0 cells

Phase 2 Constant propagation
INFO: [Opt 31-138] Pushed 0 inverter(s) to 0 load pin(s).
Phase 2 Constant propagation | Checksum: 162bfaa4a

Time (s): cpu = 00:00:00 ; elapsed = 00:00:00.059 . Memory (MB): peak = 1449.668 ; gain = 0.000
INFO: [Opt 31-389] Phase Constant propagation created 0 cells and removed 0 cells

Phase 3 Sweep
Phase 3 Sweep | Checksum: 13a479cae

Time (s): cpu = 00:00:00 ; elapsed = 00:00:00.093 . Memory (MB): peak = 1449.668 ; gain = 0.000
INFO: [Opt 31-389] Phase Sweep created 0 cells and removed 0 cells

Phase 4 BUFG optimization
Phase 4 BUFG optimization | Checksum: 13a479cae

Time (s): cpu = 00:00:00 ; elapsed = 00:00:00.113 . Memory (MB): peak = 1449.668 ; gain = 0.000
INFO: [Opt 31-662] Phase BUFG optimization created 0 cells of which 0 are BUFGs and removed 0 cells.

Phase 5 Shift Register Optimization
INFO: [Opt 31-1064] SRL Remap converted 0 SRLs to 0 registers and converted 0 registers of register chains to 0 SRLs
Phase 5 Shift Register Optimization | Checksum: 13a479cae

Time (s): cpu = 00:00:00 ; elapsed = 00:00:00.128 . Memory (MB): peak = 1449.668 ; gain = 0.000
INFO: [Opt 31-389] Phase Shift Register Optimization created 0 cells and removed 0 cells

Phase 6 Post Processing Netlist
Phase 6 Post Processing Netlist | Checksum: 13a479cae

Time (s): cpu = 00:00:00 ; elapsed = 00:00:00.133 . Memory (MB): peak = 1449.668 ; gain = 0.000
INFO: [Opt 31-389] Phase Post Processing Netlist created 0 cells and removed 0 cells
Opt_design Change Summary
=========================


-------------------------------------------------------------------------------------------------------------------------
|  Phase                        |  #Cells created  |  #Cells Removed  |  #Constrained objects preventing optimizations  |
-------------------------------------------------------------------------------------------------------------------------
|  Retarget                     |               0  |               0  |                                              0  |
|  Constant propagation         |               0  |               0  |                                              0  |
|  Sweep                        |               0  |               0  |                                              0  |
|  BUFG optimization            |               0  |               0  |                                              0  |
|  Shift Register Optimization  |               0  |               0  |                                              0  |
|  Post Processing Netlist      |               0  |               0  |                                              0  |
-------------------------------------------------------------------------------------------------------------------------



Starting Connectivity Check Task

Time (s): cpu = 00:00:00 ; elapsed = 00:00:00.002 . Memory (MB): peak = 1449.668 ; gain = 0.000
Ending Logic Optimization Task | Checksum: 1c81dcd43

Time (s): cpu = 00:00:00 ; elapsed = 00:00:00.173 . Memory (MB): peak = 1449.668 ; gain = 0.000

Starting Power Optimization Task
INFO: [Pwropt 34-132] Skipping clock gating for clocks with a period < 2.00 ns.
Ending Power Optimization Task | Checksum: 1c81dcd43

Time (s): cpu = 00:00:00 ; elapsed = 00:00:00.013 . Memory (MB): peak = 1449.668 ; gain = 0.000

Starting Final Cleanup Task
Ending Final Cleanup Task | Checksum: 1c81dcd43

Time (s): cpu = 00:00:00 ; elapsed = 00:00:00 . Memory (MB): peak = 1449.668 ; gain = 0.000

Starting Netlist Obfuscation Task
Netlist sorting complete. Time (s): cpu = 00:00:00 ; elapsed = 00:00:00.001 . Memory (MB): peak = 1449.668 ; gain = 0.000
Ending Netlist Obfuscation Task | Checksum: 1c81dcd43

Time (s): cpu = 00:00:00 ; elapsed = 00:00:00.001 . Memory (MB): peak = 1449.668 ; gain = 0.000
INFO: [Common 17-83] Releasing license: Implementation
24 Infos, 0 Warnings, 2 Critical Warnings and 0 Errors encountered.
opt_design completed successfully
opt_design: Time (s): cpu = 00:00:14 ; elapsed = 00:00:14 . Memory (MB): peak = 1449.668 ; gain = 435.473
INFO: [Timing 38-480] Writing timing data to binary archive.
Writing placer database...
Writing XDEF routing.
Writing XDEF routing logical nets.
Writing XDEF routing special nets.
Write XDEF Complete: Time (s): cpu = 00:00:01 ; elapsed = 00:00:00.046 . Memory (MB): peak = 1449.668 ; gain = 0.000
INFO: [Common 17-1381] The checkpoint 'C:/Users/Admin/Documents/Alchitry/MemoryGameFinal/work/vivado/MemoryGameFinal/MemoryGameFinal.runs/impl_1/au_top_0_opt.dcp' has been generated.
INFO: [runtcl-4] Executing : report_drc -file au_top_0_drc_opted.rpt -pb au_top_0_drc_opted.pb -rpx au_top_0_drc_opted.rpx
Command: report_drc -file au_top_0_drc_opted.rpt -pb au_top_0_drc_opted.pb -rpx au_top_0_drc_opted.rpx
INFO: [IP_Flow 19-234] Refreshing IP repositories
INFO: [IP_Flow 19-1704] No user IP repositories specified
INFO: [IP_Flow 19-2313] Loaded Vivado IP repository 'C:/Xilinx/Vivado/2020.1/data/ip'.
INFO: [DRC 23-27] Running DRC with 2 threads
INFO: [Coretcl 2-168] The results of DRC are in file C:/Users/Admin/Documents/Alchitry/MemoryGameFinal/work/vivado/MemoryGameFinal/MemoryGameFinal.runs/impl_1/au_top_0_drc_opted.rpt.
report_drc completed successfully
Command: place_design
Attempting to get a license for feature 'Implementation' and/or device 'xc7a35t'
INFO: [Common 17-349] Got license for feature 'Implementation' and/or device 'xc7a35t'
INFO: [DRC 23-27] Running DRC with 2 threads
INFO: [Vivado_Tcl 4-198] DRC finished with 0 Errors
INFO: [Vivado_Tcl 4-199] Please refer to the DRC report (report_drc) for more information.
Running DRC as a precondition to command place_design
INFO: [DRC 23-27] Running DRC with 2 threads
INFO: [Vivado_Tcl 4-198] DRC finished with 0 Errors
INFO: [Vivado_Tcl 4-199] Please refer to the DRC report (report_drc) for more information.

Starting Placer Task
INFO: [Place 30-611] Multithreading enabled for place_design using a maximum of 2 CPUs

Phase 1 Placer Initialization

Phase 1.1 Placer Initialization Netlist Sorting
Netlist sorting complete. Time (s): cpu = 00:00:00 ; elapsed = 00:00:00.001 . Memory (MB): peak = 1449.668 ; gain = 0.000
Phase 1.1 Placer Initialization Netlist Sorting | Checksum: f3f47386

Time (s): cpu = 00:00:00 ; elapsed = 00:00:00.010 . Memory (MB): peak = 1449.668 ; gain = 0.000
Netlist sorting complete. Time (s): cpu = 00:00:00 ; elapsed = 00:00:00.001 . Memory (MB): peak = 1449.668 ; gain = 0.000

Phase 1.2 IO Placement/ Clock Placement/ Build Placer Device
WARNING: [Place 30-87] Partially locked IO Bus is found. Following components of the IO Bus io_led are not locked:  'io_led[11]'  'io_led[9]'  'io_led[4]'  'io_led[3]'  'io_led[2]'  'io_led[0]' 
WARNING: [Place 30-87] Partially locked IO Bus is found. Following components of the IO Bus life_seg are not locked:  'life_seg[7]' 
WARNING: [Place 30-87] Partially locked IO Bus is found. Following components of the IO Bus life_sel are not locked:  'life_sel[1]'  'life_sel[0]' 
WARNING: [Place 30-87] Partially locked IO Bus is found. Following components of the IO Bus status_seg are not locked:  'status_seg[7]' 
INFO: [Timing 38-35] Done setting XDC timing constraints.
Phase 1.2 IO Placement/ Clock Placement/ Build Placer Device | Checksum: 1292bf10b

Time (s): cpu = 00:00:02 ; elapsed = 00:00:00.950 . Memory (MB): peak = 1449.668 ; gain = 0.000

Phase 1.3 Build Placer Netlist Model
Phase 1.3 Build Placer Netlist Model | Checksum: 1ff795b8b

Time (s): cpu = 00:00:02 ; elapsed = 00:00:01 . Memory (MB): peak = 1449.668 ; gain = 0.000

Phase 1.4 Constrain Clocks/Macros
Phase 1.4 Constrain Clocks/Macros | Checksum: 1ff795b8b

Time (s): cpu = 00:00:02 ; elapsed = 00:00:01 . Memory (MB): peak = 1449.668 ; gain = 0.000
Phase 1 Placer Initialization | Checksum: 1ff795b8b

Time (s): cpu = 00:00:02 ; elapsed = 00:00:01 . Memory (MB): peak = 1449.668 ; gain = 0.000

Phase 2 Global Placement

Phase 2.1 Floorplanning
Phase 2.1 Floorplanning | Checksum: 1fc34672f

Time (s): cpu = 00:00:02 ; elapsed = 00:00:01 . Memory (MB): peak = 1449.668 ; gain = 0.000

Phase 2.2 Global Placement Core

Phase 2.2.1 Physical Synthesis In Placer
INFO: [Physopt 32-1035] Found 0 LUTNM shape to break, 9 LUT instances to create LUTNM shape
INFO: [Physopt 32-1044] Break lutnm for timing: one critical 0, two critical 0, total 0, new lutff created 0
INFO: [Physopt 32-775] End 1 Pass. Optimized 4 nets or cells. Created 0 new cell, deleted 4 existing cells and moved 0 existing cell
INFO: [Physopt 32-65] No nets found for high-fanout optimization.
INFO: [Physopt 32-232] Optimized 0 net. Created 0 new instance.
INFO: [Physopt 32-775] End 1 Pass. Optimized 0 net or cell. Created 0 new cell, deleted 0 existing cell and moved 0 existing cell
INFO: [Physopt 32-670] No setup violation found.  DSP Register Optimization was not performed.
INFO: [Physopt 32-670] No setup violation found.  Shift Register to Pipeline Optimization was not performed.
INFO: [Physopt 32-670] No setup violation found.  Shift Register Optimization was not performed.
INFO: [Physopt 32-670] No setup violation found.  BRAM Register Optimization was not performed.
INFO: [Physopt 32-670] No setup violation found.  URAM Register Optimization was not performed.
INFO: [Physopt 32-949] No candidate nets found for HD net replication
INFO: [Physopt 32-775] End 1 Pass. Optimized 0 net or cell. Created 0 new cell, deleted 0 existing cell and moved 0 existing cell
Netlist sorting complete. Time (s): cpu = 00:00:00 ; elapsed = 00:00:00.001 . Memory (MB): peak = 1449.668 ; gain = 0.000

Summary of Physical Synthesis Optimizations
============================================


-----------------------------------------------------------------------------------------------------------------------------------------------------------
|  Optimization                                     |  Added Cells  |  Removed Cells  |  Optimized Cells/Nets  |  Dont Touch  |  Iterations  |  Elapsed   |
-----------------------------------------------------------------------------------------------------------------------------------------------------------
|  LUT Combining                                    |            0  |              4  |                     4  |           0  |           1  |  00:00:00  |
|  Very High Fanout                                 |            0  |              0  |                     0  |           0  |           1  |  00:00:00  |
|  DSP Register                                     |            0  |              0  |                     0  |           0  |           0  |  00:00:00  |
|  Shift Register to Pipeline                       |            0  |              0  |                     0  |           0  |           0  |  00:00:00  |
|  Shift Register                                   |            0  |              0  |                     0  |           0  |           0  |  00:00:00  |
|  BRAM Register                                    |            0  |              0  |                     0  |           0  |           0  |  00:00:00  |
|  URAM Register                                    |            0  |              0  |                     0  |           0  |           0  |  00:00:00  |
|  Dynamic/Static Region Interface Net Replication  |            0  |              0  |                     0  |           0  |           1  |  00:00:00  |
|  Total                                            |            0  |              4  |                     4  |           0  |           3  |  00:00:00  |
-----------------------------------------------------------------------------------------------------------------------------------------------------------


Phase 2.2.1 Physical Synthesis In Placer | Checksum: 16c7ea2c8

Time (s): cpu = 00:00:04 ; elapsed = 00:00:02 . Memory (MB): peak = 1449.668 ; gain = 0.000
Phase 2.2 Global Placement Core | Checksum: 15dc9306c

Time (s): cpu = 00:00:04 ; elapsed = 00:00:02 . Memory (MB): peak = 1449.668 ; gain = 0.000
Phase 2 Global Placement | Checksum: 15dc9306c

Time (s): cpu = 00:00:04 ; elapsed = 00:00:02 . Memory (MB): peak = 1449.668 ; gain = 0.000

Phase 3 Detail Placement

Phase 3.1 Commit Multi Column Macros
Phase 3.1 Commit Multi Column Macros | Checksum: 15f9d1563

Time (s): cpu = 00:00:04 ; elapsed = 00:00:02 . Memory (MB): peak = 1449.668 ; gain = 0.000

Phase 3.2 Commit Most Macros & LUTRAMs
Phase 3.2 Commit Most Macros & LUTRAMs | Checksum: 439a0be8

Time (s): cpu = 00:00:04 ; elapsed = 00:00:03 . Memory (MB): peak = 1449.668 ; gain = 0.000

Phase 3.3 Area Swap Optimization
Phase 3.3 Area Swap Optimization | Checksum: 8f5c4116

Time (s): cpu = 00:00:04 ; elapsed = 00:00:03 . Memory (MB): peak = 1449.668 ; gain = 0.000

Phase 3.4 Pipeline Register Optimization
Phase 3.4 Pipeline Register Optimization | Checksum: 57f6287b

Time (s): cpu = 00:00:04 ; elapsed = 00:00:03 . Memory (MB): peak = 1449.668 ; gain = 0.000

Phase 3.5 Small Shape Detail Placement
Phase 3.5 Small Shape Detail Placement | Checksum: ce842b61

Time (s): cpu = 00:00:04 ; elapsed = 00:00:03 . Memory (MB): peak = 1449.668 ; gain = 0.000

Phase 3.6 Re-assign LUT pins
Phase 3.6 Re-assign LUT pins | Checksum: 82f7b6a2

Time (s): cpu = 00:00:04 ; elapsed = 00:00:03 . Memory (MB): peak = 1449.668 ; gain = 0.000

Phase 3.7 Pipeline Register Optimization
Phase 3.7 Pipeline Register Optimization | Checksum: 166844786

Time (s): cpu = 00:00:04 ; elapsed = 00:00:03 . Memory (MB): peak = 1449.668 ; gain = 0.000
Phase 3 Detail Placement | Checksum: 166844786

Time (s): cpu = 00:00:05 ; elapsed = 00:00:03 . Memory (MB): peak = 1449.668 ; gain = 0.000

Phase 4 Post Placement Optimization and Clean-Up

Phase 4.1 Post Commit Optimization
INFO: [Timing 38-35] Done setting XDC timing constraints.

Phase 4.1.1 Post Placement Optimization
Post Placement Optimization Initialization | Checksum: 14bddc7fe

Phase 4.1.1.1 BUFG Insertion

Starting Physical Synthesis Task

Phase 1 Physical Synthesis Initialization
INFO: [Physopt 32-721] Multithreading enabled for phys_opt_design using a maximum of 2 CPUs
INFO: [Physopt 32-619] Estimated Timing Summary | WNS=3.729 | TNS=0.000 |
Phase 1 Physical Synthesis Initialization | Checksum: 1a0a5da54

Time (s): cpu = 00:00:00 ; elapsed = 00:00:00.037 . Memory (MB): peak = 1456.430 ; gain = 0.000
INFO: [Place 46-56] BUFG insertion identified 0 candidate nets. Inserted BUFG: 0, Replicated BUFG Driver: 0, Skipped due to Placement/Routing Conflicts: 0, Skipped due to Timing Degradation: 0, Skipped due to Illegal Netlist: 0.
Ending Physical Synthesis Task | Checksum: 211923dcf

Time (s): cpu = 00:00:00 ; elapsed = 00:00:00.040 . Memory (MB): peak = 1456.430 ; gain = 0.000
Phase 4.1.1.1 BUFG Insertion | Checksum: 14bddc7fe

Time (s): cpu = 00:00:05 ; elapsed = 00:00:03 . Memory (MB): peak = 1456.430 ; gain = 6.762
INFO: [Place 30-746] Post Placement Timing Summary WNS=3.729. For the most accurate timing information please run report_timing.
Phase 4.1.1 Post Placement Optimization | Checksum: 1e01f573c

Time (s): cpu = 00:00:05 ; elapsed = 00:00:03 . Memory (MB): peak = 1456.430 ; gain = 6.762
Phase 4.1 Post Commit Optimization | Checksum: 1e01f573c

Time (s): cpu = 00:00:05 ; elapsed = 00:00:03 . Memory (MB): peak = 1456.430 ; gain = 6.762

Phase 4.2 Post Placement Cleanup
Phase 4.2 Post Placement Cleanup | Checksum: 1e01f573c

Time (s): cpu = 00:00:05 ; elapsed = 00:00:03 . Memory (MB): peak = 1456.430 ; gain = 6.762

Phase 4.3 Placer Reporting
Phase 4.3 Placer Reporting | Checksum: 1e01f573c

Time (s): cpu = 00:00:05 ; elapsed = 00:00:03 . Memory (MB): peak = 1456.430 ; gain = 6.762

Phase 4.4 Final Placement Cleanup
Netlist sorting complete. Time (s): cpu = 00:00:00 ; elapsed = 00:00:00 . Memory (MB): peak = 1456.430 ; gain = 0.000
Phase 4.4 Final Placement Cleanup | Checksum: 154db3ca0

Time (s): cpu = 00:00:05 ; elapsed = 00:00:03 . Memory (MB): peak = 1456.430 ; gain = 6.762
Phase 4 Post Placement Optimization and Clean-Up | Checksum: 154db3ca0

Time (s): cpu = 00:00:05 ; elapsed = 00:00:03 . Memory (MB): peak = 1456.430 ; gain = 6.762
Ending Placer Task | Checksum: b224c976

Time (s): cpu = 00:00:05 ; elapsed = 00:00:03 . Memory (MB): peak = 1456.430 ; gain = 6.762
INFO: [Common 17-83] Releasing license: Implementation
60 Infos, 4 Warnings, 2 Critical Warnings and 0 Errors encountered.
place_design completed successfully
INFO: [Timing 38-480] Writing timing data to binary archive.
Writing placer database...
Writing XDEF routing.
Writing XDEF routing logical nets.
Writing XDEF routing special nets.
Write XDEF Complete: Time (s): cpu = 00:00:00 ; elapsed = 00:00:00.107 . Memory (MB): peak = 1456.492 ; gain = 0.062
INFO: [Common 17-1381] The checkpoint 'C:/Users/Admin/Documents/Alchitry/MemoryGameFinal/work/vivado/MemoryGameFinal/MemoryGameFinal.runs/impl_1/au_top_0_placed.dcp' has been generated.
INFO: [runtcl-4] Executing : report_io -file au_top_0_io_placed.rpt
report_io: Time (s): cpu = 00:00:00 ; elapsed = 00:00:00.063 . Memory (MB): peak = 1456.492 ; gain = 0.000
INFO: [runtcl-4] Executing : report_utilization -file au_top_0_utilization_placed.rpt -pb au_top_0_utilization_placed.pb
INFO: [runtcl-4] Executing : report_control_sets -verbose -file au_top_0_control_sets_placed.rpt
report_control_sets: Time (s): cpu = 00:00:00 ; elapsed = 00:00:00.004 . Memory (MB): peak = 1456.492 ; gain = 0.000
Command: phys_opt_design
Attempting to get a license for feature 'Implementation' and/or device 'xc7a35t'
INFO: [Common 17-349] Got license for feature 'Implementation' and/or device 'xc7a35t'
INFO: [Vivado_Tcl 4-383] Design worst setup slack (WNS) is greater than or equal to 0.000 ns. Skipping all physical synthesis optimizations.
INFO: [Vivado_Tcl 4-232] No setup violation found. The netlist was not modified.
INFO: [Common 17-83] Releasing license: Implementation
69 Infos, 4 Warnings, 2 Critical Warnings and 0 Errors encountered.
phys_opt_design completed successfully
INFO: [Timing 38-480] Writing timing data to binary archive.
Writing placer database...
Writing XDEF routing.
Writing XDEF routing logical nets.
Writing XDEF routing special nets.
Write XDEF Complete: Time (s): cpu = 00:00:00 ; elapsed = 00:00:00.102 . Memory (MB): peak = 1488.922 ; gain = 17.906
INFO: [Common 17-1381] The checkpoint 'C:/Users/Admin/Documents/Alchitry/MemoryGameFinal/work/vivado/MemoryGameFinal/MemoryGameFinal.runs/impl_1/au_top_0_physopt.dcp' has been generated.
Command: route_design
Attempting to get a license for feature 'Implementation' and/or device 'xc7a35t'
INFO: [Common 17-349] Got license for feature 'Implementation' and/or device 'xc7a35t'
Running DRC as a precondition to command route_design
INFO: [DRC 23-27] Running DRC with 2 threads
WARNING: [DRC PLIO-3] Placement Constraints Check for IO constraints: Partially locked IO Bus is found. Following components of the IO Bus io_led[23:0] are not locked:  io_led[11] io_led[9] io_led[4] io_led[3] io_led[2] io_led[0]
WARNING: [DRC PLIO-3] Placement Constraints Check for IO constraints: Partially locked IO Bus is found. Following components of the IO Bus life_seg[7:0] are not locked:  life_seg[7]
WARNING: [DRC PLIO-3] Placement Constraints Check for IO constraints: Partially locked IO Bus is found. Following components of the IO Bus life_sel[3:0] are not locked:  life_sel[1] life_sel[0]
WARNING: [DRC PLIO-3] Placement Constraints Check for IO constraints: Partially locked IO Bus is found. Following components of the IO Bus status_seg[7:0] are not locked:  status_seg[7]
INFO: [Vivado_Tcl 4-198] DRC finished with 0 Errors, 4 Warnings
INFO: [Vivado_Tcl 4-199] Please refer to the DRC report (report_drc) for more information.


Starting Routing Task
INFO: [Route 35-254] Multithreading enabled for route_design using a maximum of 2 CPUs
Checksum: PlaceDB: 7f614767 ConstDB: 0 ShapeSum: 32c3820f RouteDB: 0

Phase 1 Build RT Design
Phase 1 Build RT Design | Checksum: 1ca5a85e3

Time (s): cpu = 00:00:23 ; elapsed = 00:00:19 . Memory (MB): peak = 1578.809 ; gain = 77.863
Post Restoration Checksum: NetGraph: cb0c896a NumContArr: ff4dfc79 Constraints: 0 Timing: 0

Phase 2 Router Initialization

Phase 2.1 Create Timer
Phase 2.1 Create Timer | Checksum: 1ca5a85e3

Time (s): cpu = 00:00:23 ; elapsed = 00:00:19 . Memory (MB): peak = 1578.809 ; gain = 77.863

Phase 2.2 Fix Topology Constraints
Phase 2.2 Fix Topology Constraints | Checksum: 1ca5a85e3

Time (s): cpu = 00:00:23 ; elapsed = 00:00:19 . Memory (MB): peak = 1584.840 ; gain = 83.895

Phase 2.3 Pre Route Cleanup
Phase 2.3 Pre Route Cleanup | Checksum: 1ca5a85e3

Time (s): cpu = 00:00:23 ; elapsed = 00:00:19 . Memory (MB): peak = 1584.840 ; gain = 83.895
 Number of Nodes with overlaps = 0

Phase 2.4 Update Timing
Phase 2.4 Update Timing | Checksum: 1545ee60e

Time (s): cpu = 00:00:23 ; elapsed = 00:00:19 . Memory (MB): peak = 1589.156 ; gain = 88.211
INFO: [Route 35-416] Intermediate Timing Summary | WNS=3.767  | TNS=0.000  | WHS=-0.114 | THS=-5.374 |

Phase 2 Router Initialization | Checksum: 1864353a3

Time (s): cpu = 00:00:24 ; elapsed = 00:00:19 . Memory (MB): peak = 1589.156 ; gain = 88.211

Router Utilization Summary
  Global Vertical Routing Utilization    = 0.00151479 %
  Global Horizontal Routing Utilization  = 0.00260281 %
  Routable Net Status*
  *Does not include unroutable nets such as driverless and loadless.
  Run report_route_status for detailed report.
  Number of Failed Nets               = 743
    (Failed Nets is the sum of unrouted and partially routed nets)
  Number of Unrouted Nets             = 738
  Number of Partially Routed Nets     = 5
  Number of Node Overlaps             = 4


Phase 3 Initial Routing
Phase 3 Initial Routing | Checksum: 1517f6591

Time (s): cpu = 00:00:24 ; elapsed = 00:00:19 . Memory (MB): peak = 1589.156 ; gain = 88.211

Phase 4 Rip-up And Reroute

Phase 4.1 Global Iteration 0
 Number of Nodes with overlaps = 54
 Number of Nodes with overlaps = 0
INFO: [Route 35-416] Intermediate Timing Summary | WNS=4.237  | TNS=0.000  | WHS=N/A    | THS=N/A    |

Phase 4.1 Global Iteration 0 | Checksum: 12cf9b7ad

Time (s): cpu = 00:00:24 ; elapsed = 00:00:19 . Memory (MB): peak = 1589.156 ; gain = 88.211

Phase 4.2 Global Iteration 1
 Number of Nodes with overlaps = 0
INFO: [Route 35-416] Intermediate Timing Summary | WNS=4.237  | TNS=0.000  | WHS=N/A    | THS=N/A    |

Phase 4.2 Global Iteration 1 | Checksum: a62b7a56

Time (s): cpu = 00:00:24 ; elapsed = 00:00:20 . Memory (MB): peak = 1589.156 ; gain = 88.211
Phase 4 Rip-up And Reroute | Checksum: a62b7a56

Time (s): cpu = 00:00:24 ; elapsed = 00:00:20 . Memory (MB): peak = 1589.156 ; gain = 88.211

Phase 5 Delay and Skew Optimization

Phase 5.1 Delay CleanUp
Phase 5.1 Delay CleanUp | Checksum: a62b7a56

Time (s): cpu = 00:00:24 ; elapsed = 00:00:20 . Memory (MB): peak = 1589.156 ; gain = 88.211

Phase 5.2 Clock Skew Optimization
Phase 5.2 Clock Skew Optimization | Checksum: a62b7a56

Time (s): cpu = 00:00:24 ; elapsed = 00:00:20 . Memory (MB): peak = 1589.156 ; gain = 88.211
Phase 5 Delay and Skew Optimization | Checksum: a62b7a56

Time (s): cpu = 00:00:24 ; elapsed = 00:00:20 . Memory (MB): peak = 1589.156 ; gain = 88.211

Phase 6 Post Hold Fix

Phase 6.1 Hold Fix Iter

Phase 6.1.1 Update Timing
Phase 6.1.1 Update Timing | Checksum: 8a4eb1d4

Time (s): cpu = 00:00:24 ; elapsed = 00:00:20 . Memory (MB): peak = 1589.156 ; gain = 88.211
INFO: [Route 35-416] Intermediate Timing Summary | WNS=4.316  | TNS=0.000  | WHS=0.161  | THS=0.000  |

Phase 6.1 Hold Fix Iter | Checksum: dbd69d5c

Time (s): cpu = 00:00:24 ; elapsed = 00:00:20 . Memory (MB): peak = 1589.156 ; gain = 88.211
Phase 6 Post Hold Fix | Checksum: dbd69d5c

Time (s): cpu = 00:00:24 ; elapsed = 00:00:20 . Memory (MB): peak = 1589.156 ; gain = 88.211

Phase 7 Route finalize

Router Utilization Summary
  Global Vertical Routing Utilization    = 0.249462 %
  Global Horizontal Routing Utilization  = 0.25013 %
  Routable Net Status*
  *Does not include unroutable nets such as driverless and loadless.
  Run report_route_status for detailed report.
  Number of Failed Nets               = 0
    (Failed Nets is the sum of unrouted and partially routed nets)
  Number of Unrouted Nets             = 0
  Number of Partially Routed Nets     = 0
  Number of Node Overlaps             = 0

Phase 7 Route finalize | Checksum: 9f404c21

Time (s): cpu = 00:00:24 ; elapsed = 00:00:20 . Memory (MB): peak = 1589.156 ; gain = 88.211

Phase 8 Verifying routed nets

 Verification completed successfully
Phase 8 Verifying routed nets | Checksum: 9f404c21

Time (s): cpu = 00:00:24 ; elapsed = 00:00:20 . Memory (MB): peak = 1590.629 ; gain = 89.684

Phase 9 Depositing Routes
Phase 9 Depositing Routes | Checksum: 158561194

Time (s): cpu = 00:00:24 ; elapsed = 00:00:20 . Memory (MB): peak = 1590.629 ; gain = 89.684

Phase 10 Post Router Timing
INFO: [Route 35-57] Estimated Timing Summary | WNS=4.316  | TNS=0.000  | WHS=0.161  | THS=0.000  |

INFO: [Route 35-327] The final timing numbers are based on the router estimated timing analysis. For a complete and accurate timing signoff, please run report_timing_summary.
Phase 10 Post Router Timing | Checksum: 158561194

Time (s): cpu = 00:00:24 ; elapsed = 00:00:20 . Memory (MB): peak = 1590.629 ; gain = 89.684
INFO: [Route 35-16] Router Completed Successfully

Time (s): cpu = 00:00:24 ; elapsed = 00:00:20 . Memory (MB): peak = 1590.629 ; gain = 89.684

Routing Is Done.
INFO: [Common 17-83] Releasing license: Implementation
84 Infos, 8 Warnings, 2 Critical Warnings and 0 Errors encountered.
route_design completed successfully
route_design: Time (s): cpu = 00:00:26 ; elapsed = 00:00:21 . Memory (MB): peak = 1590.629 ; gain = 101.707
INFO: [Timing 38-480] Writing timing data to binary archive.
Writing placer database...
Writing XDEF routing.
Writing XDEF routing logical nets.
Writing XDEF routing special nets.
Write XDEF Complete: Time (s): cpu = 00:00:01 ; elapsed = 00:00:00.123 . Memory (MB): peak = 1600.527 ; gain = 9.898
INFO: [Common 17-1381] The checkpoint 'C:/Users/Admin/Documents/Alchitry/MemoryGameFinal/work/vivado/MemoryGameFinal/MemoryGameFinal.runs/impl_1/au_top_0_routed.dcp' has been generated.
INFO: [runtcl-4] Executing : report_drc -file au_top_0_drc_routed.rpt -pb au_top_0_drc_routed.pb -rpx au_top_0_drc_routed.rpx
Command: report_drc -file au_top_0_drc_routed.rpt -pb au_top_0_drc_routed.pb -rpx au_top_0_drc_routed.rpx
INFO: [IP_Flow 19-1839] IP Catalog is up to date.
INFO: [DRC 23-27] Running DRC with 2 threads
INFO: [Coretcl 2-168] The results of DRC are in file C:/Users/Admin/Documents/Alchitry/MemoryGameFinal/work/vivado/MemoryGameFinal/MemoryGameFinal.runs/impl_1/au_top_0_drc_routed.rpt.
report_drc completed successfully
INFO: [runtcl-4] Executing : report_methodology -file au_top_0_methodology_drc_routed.rpt -pb au_top_0_methodology_drc_routed.pb -rpx au_top_0_methodology_drc_routed.rpx
Command: report_methodology -file au_top_0_methodology_drc_routed.rpt -pb au_top_0_methodology_drc_routed.pb -rpx au_top_0_methodology_drc_routed.rpx
INFO: [Timing 38-35] Done setting XDC timing constraints.
INFO: [DRC 23-133] Running Methodology with 2 threads
INFO: [Coretcl 2-1520] The results of Report Methodology are in file C:/Users/Admin/Documents/Alchitry/MemoryGameFinal/work/vivado/MemoryGameFinal/MemoryGameFinal.runs/impl_1/au_top_0_methodology_drc_routed.rpt.
report_methodology completed successfully
INFO: [runtcl-4] Executing : report_power -file au_top_0_power_routed.rpt -pb au_top_0_power_summary_routed.pb -rpx au_top_0_power_routed.rpx
Command: report_power -file au_top_0_power_routed.rpt -pb au_top_0_power_summary_routed.pb -rpx au_top_0_power_routed.rpx
INFO: [Timing 38-35] Done setting XDC timing constraints.
Running Vector-less Activity Propagation...

Finished Running Vector-less Activity Propagation
96 Infos, 8 Warnings, 2 Critical Warnings and 0 Errors encountered.
report_power completed successfully
INFO: [runtcl-4] Executing : report_route_status -file au_top_0_route_status.rpt -pb au_top_0_route_status.pb
INFO: [runtcl-4] Executing : report_timing_summary -max_paths 10 -file au_top_0_timing_summary_routed.rpt -pb au_top_0_timing_summary_routed.pb -rpx au_top_0_timing_summary_routed.rpx -warn_on_violation 
INFO: [Timing 38-91] UpdateTimingParams: Speed grade: -1, Delay Type: min_max.
INFO: [Timing 38-191] Multithreading enabled for timing update using a maximum of 2 CPUs
INFO: [runtcl-4] Executing : report_incremental_reuse -file au_top_0_incremental_reuse_routed.rpt
INFO: [Vivado_Tcl 4-1062] Incremental flow is disabled. No incremental reuse Info to report.
INFO: [runtcl-4] Executing : report_clock_utilization -file au_top_0_clock_utilization_routed.rpt
INFO: [runtcl-4] Executing : report_bus_skew -warn_on_violation -file au_top_0_bus_skew_routed.rpt -pb au_top_0_bus_skew_routed.pb -rpx au_top_0_bus_skew_routed.rpx
INFO: [Timing 38-91] UpdateTimingParams: Speed grade: -1, Delay Type: min_max.
INFO: [Timing 38-191] Multithreading enabled for timing update using a maximum of 2 CPUs
Command: write_bitstream -force au_top_0.bit -bin_file
Attempting to get a license for feature 'Implementation' and/or device 'xc7a35t'
INFO: [Common 17-349] Got license for feature 'Implementation' and/or device 'xc7a35t'
Running DRC as a precondition to command write_bitstream
INFO: [IP_Flow 19-1839] IP Catalog is up to date.
INFO: [DRC 23-27] Running DRC with 2 threads
WARNING: [DRC NSTD-1] Unspecified I/O Standard: 8 out of 82 logical ports use I/O standard (IOSTANDARD) value 'DEFAULT', instead of a user assigned specific value. This may cause I/O contention or incompatibility with the board power or connectivity affecting performance, signal integrity or in extreme cases cause damage to the device or the components to which it is connected. To correct this violation, specify all I/O standards. This design will fail to generate a bitstream unless all logical ports have a user specified I/O standard value defined. To allow bitstream creation with unspecified I/O standard values (not recommended), use this command: set_property SEVERITY {Warning} [get_drc_checks NSTD-1].  NOTE: When using the Vivado Runs infrastructure (e.g. launch_runs Tcl command), add this command to a .tcl file and add that file as a pre-hook for write_bitstream step for the implementation run. Problem ports: io_led[11], io_led[9], io_led[4], io_led[3], io_led[2], io_led[0], life_seg[7], and status_seg[7].
WARNING: [DRC PDRC-153] Gated clock check: Net game/M_lives_disp_values_reg[27]_i_2_n_0 is a gated clock net sourced by a combinational pin game/M_lives_disp_values_reg[27]_i_2/O, cell game/M_lives_disp_values_reg[27]_i_2. This is not good design practice and will likely impact performance. For SLICE registers, for example, use the CE pin to control the loading of data.
WARNING: [DRC UCIO-1] Unconstrained Logical Port: 10 out of 82 logical ports have no user assigned specific location constraint (LOC). This may cause I/O contention or incompatibility with the board power or connectivity affecting performance, signal integrity or in extreme cases cause damage to the device or the components to which it is connected. To correct this violation, specify all pin locations. This design will fail to generate a bitstream unless all logical ports have a user specified site LOC constraint defined.  To allow bitstream creation with unspecified pin locations (not recommended), use this command: set_property SEVERITY {Warning} [get_drc_checks UCIO-1].  NOTE: When using the Vivado Runs infrastructure (e.g. launch_runs Tcl command), add this command to a .tcl file and add that file as a pre-hook for write_bitstream step for the implementation run.  Problem ports: io_led[11], io_led[9], io_led[4], io_led[3], io_led[2], io_led[0], life_seg[7], life_sel[1], life_sel[0], and status_seg[7].
INFO: [Vivado 12-3199] DRC finished with 0 Errors, 3 Warnings
INFO: [Vivado 12-3200] Please refer to the DRC report (report_drc) for more information.
INFO: [Designutils 20-2272] Running write_bitstream with 2 threads.
Loading data files...
Loading site data...
Loading route data...
Processing options...
Creating bitmap...
Creating bitstream...
Bitstream compression saved 13924608 bits.
Writing bitstream ./au_top_0.bit...
Writing bitstream ./au_top_0.bin...
INFO: [Vivado 12-1842] Bitgen Completed Successfully.
INFO: [Project 1-120] WebTalk data collection is mandatory when using a WebPACK part without a full Vivado license. To see the specific WebTalk data collected for your design, open the usage_statistics_webtalk.html or usage_statistics_webtalk.xml file in the implementation directory.
INFO: [Common 17-186] 'C:/Users/Admin/Documents/Alchitry/MemoryGameFinal/work/vivado/MemoryGameFinal/MemoryGameFinal.runs/impl_1/usage_statistics_webtalk.xml' has been successfully sent to Xilinx on Thu Jan 14 16:47:54 2021. For additional details about this file, please refer to the WebTalk help file at C:/Xilinx/Vivado/2020.1/doc/webtalk_introduction.html.
INFO: [Common 17-83] Releasing license: Implementation
116 Infos, 11 Warnings, 2 Critical Warnings and 0 Errors encountered.
write_bitstream completed successfully
write_bitstream: Time (s): cpu = 00:00:14 ; elapsed = 00:00:18 . Memory (MB): peak = 2044.840 ; gain = 408.414
INFO: [Common 17-206] Exiting Vivado at Thu Jan 14 16:47:54 2021...
[Thu Jan 14 16:47:55 2021] impl_1 finished
wait_on_run: Time (s): cpu = 00:00:01 ; elapsed = 00:01:26 . Memory (MB): peak = 1013.137 ; gain = 0.000
INFO: [Common 17-206] Exiting Vivado at Thu Jan 14 16:47:55 2021...

Finished building project.
